# JRE version: Java(TM) SE Runtime Environment (8.0_131-b11) (build 1.8.0_131-b11)
# Java VM: Java HotSpot(TM) 64-Bit Server VM (25.131-b11 mixed mode windows-amd64 compressed oops)
Heap:
 PSYoungGen      total 218112K, used 205824K [0x00000000d6b00000, 0x00000000ec900000, 0x0000000100000000)
  eden space 205824K, 100% used [0x00000000d6b00000,0x00000000e3400000,0x00000000e3400000)
  from space 12288K, 0% used [0x00000000e3400000,0x00000000e3400000,0x00000000e4000000)
  to   space 16384K, 29% used [0x00000000eb900000,0x00000000ebdc31c8,0x00000000ec900000)
 ParOldGen       total 91648K, used 21020K [0x0000000084000000, 0x0000000089980000, 0x00000000d6b00000)
  object space 91648K, 22% used [0x0000000084000000,0x0000000085487318,0x0000000089980000)
 Metaspace       used 38578K, capacity 39682K, committed 39768K, reserved 1083392K
  class space    used 4957K, capacity 5204K, committed 5248K, reserved 1048576K
GC Heap History (10 events):
Event: 6.355 GC heap after
Heap after GC invocations=5 (full 1):
 PSYoungGen      total 132096K, used 0K [0x00000000d6b00000, 0x00000000df100000, 0x0000000100000000)
  eden space 126976K, 0% used [0x00000000d6b00000,0x00000000d6b00000,0x00000000de700000)
  from space 5120K, 0% used [0x00000000dec00000,0x00000000dec00000,0x00000000df100000)
  to   space 5120K, 0% used [0x00000000de700000,0x00000000de700000,0x00000000dec00000)
 ParOldGen       total 53248K, used 4868K [0x0000000084000000, 0x0000000087400000, 0x00000000d6b00000)
  object space 53248K, 9% used [0x0000000084000000,0x00000000844c10b8,0x0000000087400000)
 Metaspace       used 20579K, capacity 21016K, committed 21248K, reserved 1067008K
  class space    used 2563K, capacity 2715K, committed 2816K, reserved 1048576K
}
Event: 13.591 GC heap before
{Heap before GC invocations=6 (full 1):
 PSYoungGen      total 132096K, used 126976K [0x00000000d6b00000, 0x00000000df100000, 0x0000000100000000)
  eden space 126976K, 100% used [0x00000000d6b00000,0x00000000de700000,0x00000000de700000)
  from space 5120K, 0% used [0x00000000dec00000,0x00000000dec00000,0x00000000df100000)
  to   space 5120K, 0% used [0x00000000de700000,0x00000000de700000,0x00000000dec00000)
 ParOldGen       total 53248K, used 4868K [0x0000000084000000, 0x0000000087400000, 0x00000000d6b00000)
  object space 53248K, 9% used [0x0000000084000000,0x00000000844c10b8,0x0000000087400000)
 Metaspace       used 28178K, capacity 28970K, committed 29312K, reserved 1075200K
  class space    used 3637K, capacity 3851K, committed 3968K, reserved 1048576K
Event: 13.618 GC heap after
Heap after GC invocations=6 (full 1):
 PSYoungGen      total 132096K, used 5107K [0x00000000d6b00000, 0x00000000e5180000, 0x0000000100000000)
  eden space 126976K, 0% used [0x00000000d6b00000,0x00000000d6b00000,0x00000000de700000)
  from space 5120K, 99% used [0x00000000de700000,0x00000000debfcf60,0x00000000dec00000)
  to   space 13312K, 0% used [0x00000000e4480000,0x00000000e4480000,0x00000000e5180000)
 ParOldGen       total 53248K, used 9601K [0x0000000084000000, 0x0000000087400000, 0x00000000d6b00000)
  object space 53248K, 18% used [0x0000000084000000,0x0000000084960738,0x0000000087400000)
 Metaspace       used 28178K, capacity 28970K, committed 29312K, reserved 1075200K
  class space    used 3637K, capacity 3851K, committed 3968K, reserved 1048576K
}
Event: 15.814 GC heap before
{Heap before GC invocations=7 (full 1):
 PSYoungGen      total 132096K, used 132083K [0x00000000d6b00000, 0x00000000e5180000, 0x0000000100000000)
  eden space 126976K, 100% used [0x00000000d6b00000,0x00000000de700000,0x00000000de700000)
  from space 5120K, 99% used [0x00000000de700000,0x00000000debfcf60,0x00000000dec00000)
  to   space 13312K, 0% used [0x00000000e4480000,0x00000000e4480000,0x00000000e5180000)
 ParOldGen       total 53248K, used 9601K [0x0000000084000000, 0x0000000087400000, 0x00000000d6b00000)
  object space 53248K, 18% used [0x0000000084000000,0x0000000084960738,0x0000000087400000)
 Metaspace       used 28910K, capacity 29728K, committed 29824K, reserved 1075200K
  class space    used 3725K, capacity 3924K, committed 3968K, reserved 1048576K
Event: 15.833 GC heap after
Heap after GC invocations=7 (full 1):
 PSYoungGen      total 212480K, used 7436K [0x00000000d6b00000, 0x00000000e4c00000, 0x0000000100000000)
  eden space 204800K, 0% used [0x00000000d6b00000,0x00000000d6b00000,0x00000000e3300000)
  from space 7680K, 96% used [0x00000000e4480000,0x00000000e4bc3018,0x00000000e4c00000)
  to   space 12288K, 0% used [0x00000000e3400000,0x00000000e3400000,0x00000000e4000000)
 ParOldGen       total 53248K, used 9601K [0x0000000084000000, 0x0000000087400000, 0x00000000d6b00000)
  object space 53248K, 18% used [0x0000000084000000,0x0000000084960738,0x0000000087400000)
 Metaspace       used 28910K, capacity 29728K, committed 29824K, reserved 1075200K
  class space    used 3725K, capacity 3924K, committed 3968K, reserved 1048576K
}
Event: 22.799 GC heap before
{Heap before GC invocations=8 (full 1):
 PSYoungGen      total 212480K, used 152103K [0x00000000d6b00000, 0x00000000e4c00000, 0x0000000100000000)
  eden space 204800K, 70% used [0x00000000d6b00000,0x00000000df846f18,0x00000000e3300000)
  from space 7680K, 96% used [0x00000000e4480000,0x00000000e4bc3018,0x00000000e4c00000)
  to   space 12288K, 0% used [0x00000000e3400000,0x00000000e3400000,0x00000000e4000000)
 ParOldGen       total 53248K, used 9601K [0x0000000084000000, 0x0000000087400000, 0x00000000d6b00000)
  object space 53248K, 18% used [0x0000000084000000,0x0000000084960738,0x0000000087400000)
 Metaspace       used 34395K, capacity 35354K, committed 35416K, reserved 1079296K
  class space    used 4456K, capacity 4684K, committed 4736K, reserved 1048576K
Event: 22.881 GC heap after
Heap after GC invocations=8 (full 1):
 PSYoungGen      total 218112K, used 12270K [0x00000000d6b00000, 0x00000000ec900000, 0x0000000100000000)
  eden space 205824K, 0% used [0x00000000d6b00000,0x00000000d6b00000,0x00000000e3400000)
  from space 12288K, 99% used [0x00000000e3400000,0x00000000e3ffb9c0,0x00000000e4000000)
  to   space 16384K, 0% used [0x00000000eb900000,0x00000000eb900000,0x00000000ec900000)
 ParOldGen       total 53248K, used 14695K [0x0000000084000000, 0x0000000087400000, 0x00000000d6b00000)
  object space 53248K, 27% used [0x0000000084000000,0x0000000084e59e60,0x0000000087400000)
 Metaspace       used 34395K, capacity 35354K, committed 35416K, reserved 1079296K
  class space    used 4456K, capacity 4684K, committed 4736K, reserved 1048576K
}
Event: 22.881 GC heap before
{Heap before GC invocations=9 (full 2):
 PSYoungGen      total 218112K, used 12270K [0x00000000d6b00000, 0x00000000ec900000, 0x0000000100000000)
  eden space 205824K, 0% used [0x00000000d6b00000,0x00000000d6b00000,0x00000000e3400000)
  from space 12288K, 99% used [0x00000000e3400000,0x00000000e3ffb9c0,0x00000000e4000000)
  to   space 16384K, 0% used [0x00000000eb900000,0x00000000eb900000,0x00000000ec900000)
 ParOldGen       total 53248K, used 14695K [0x0000000084000000, 0x0000000087400000, 0x00000000d6b00000)
  object space 53248K, 27% used [0x0000000084000000,0x0000000084e59e60,0x0000000087400000)
 Metaspace       used 34395K, capacity 35354K, committed 35416K, reserved 1079296K
  class space    used 4456K, capacity 4684K, committed 4736K, reserved 1048576K
Event: 23.234 GC heap after
Heap after GC invocations=9 (full 2):
 PSYoungGen      total 218112K, used 0K [0x00000000d6b00000, 0x00000000ec900000, 0x0000000100000000)
  eden space 205824K, 0% used [0x00000000d6b00000,0x00000000d6b00000,0x00000000e3400000)
  from space 12288K, 0% used [0x00000000e3400000,0x00000000e3400000,0x00000000e4000000)
  to   space 16384K, 0% used [0x00000000eb900000,0x00000000eb900000,0x00000000ec900000)
 ParOldGen       total 91648K, used 21020K [0x0000000084000000, 0x0000000089980000, 0x00000000d6b00000)
  object space 91648K, 22% used [0x0000000084000000,0x0000000085487318,0x0000000089980000)
 Metaspace       used 34395K, capacity 35354K, committed 35416K, reserved 1079296K
  class space    used 4456K, capacity 4684K, committed 4736K, reserved 1048576K
}
Event: 33.232 GC heap before
{Heap before GC invocations=10 (full 2):
 PSYoungGen      total 218112K, used 205824K [0x00000000d6b00000, 0x00000000ec900000, 0x0000000100000000)
  eden space 205824K, 100% used [0x00000000d6b00000,0x00000000e3400000,0x00000000e3400000)
  from space 12288K, 0% used [0x00000000e3400000,0x00000000e3400000,0x00000000e4000000)
  to   space 16384K, 0% used [0x00000000eb900000,0x00000000eb900000,0x00000000ec900000)
 ParOldGen       total 91648K, used 21020K [0x0000000084000000, 0x0000000089980000, 0x00000000d6b00000)
  object space 91648K, 22% used [0x0000000084000000,0x0000000085487318,0x0000000089980000)
 Metaspace       used 38578K, capacity 39682K, committed 39768K, reserved 1083392K
  class space    used 4957K, capacity 5204K, committed 5248K, reserved 1048576K

